<?xml version="1.0" encoding="UTF-8"?>
<coverage generated="1764449117604" clover="3.2.0">
  <project timestamp="1764449117604" name="All files">
    <metrics statements="79" coveredstatements="74" conditionals="24" coveredconditionals="22" methods="20" coveredmethods="16" elements="123" coveredelements="112" complexity="0" loc="79" ncloc="79" packages="3" files="5" classes="5"/>
    <package name="components">
      <metrics statements="42" coveredstatements="39" conditionals="16" coveredconditionals="16" methods="10" coveredmethods="7"/>
      <file name="ApplicationForm.tsx" path="C:\Users\Mudi\projects\alx\ALX_FE_Pro\alx-project-nexus\job-board-app\src\components\ApplicationForm.tsx">
        <metrics statements="31" coveredstatements="31" conditionals="16" coveredconditionals="16" methods="4" coveredmethods="4"/>
        <line num="9" count="1" type="stmt"/>
        <line num="10" count="13" type="stmt"/>
        <line num="11" count="13" type="stmt"/>
        <line num="12" count="13" type="stmt"/>
        <line num="13" count="13" type="stmt"/>
        <line num="15" count="13" type="stmt"/>
        <line num="16" count="2" type="stmt"/>
        <line num="17" count="2" type="stmt"/>
        <line num="20" count="13" type="stmt"/>
        <line num="21" count="3" type="stmt"/>
        <line num="23" count="3" type="cond" truecount="2" falsecount="0"/>
        <line num="24" count="1" type="stmt"/>
        <line num="27" count="3" type="cond" truecount="2" falsecount="0"/>
        <line num="28" count="1" type="stmt"/>
        <line num="29" count="2" type="cond" truecount="2" falsecount="0"/>
        <line num="30" count="1" type="stmt"/>
        <line num="33" count="3" type="cond" truecount="2" falsecount="0"/>
        <line num="34" count="1" type="stmt"/>
        <line num="37" count="3" type="stmt"/>
        <line num="38" count="3" type="stmt"/>
        <line num="41" count="13" type="stmt"/>
        <line num="42" count="3" type="cond" truecount="2" falsecount="0"/>
        <line num="43" count="1" type="stmt"/>
        <line num="49" count="1" type="stmt"/>
        <line num="50" count="1" type="stmt"/>
        <line num="52" count="1" type="stmt"/>
        <line num="53" count="1" type="stmt"/>
        <line num="54" count="1" type="stmt"/>
        <line num="55" count="1" type="stmt"/>
        <line num="59" count="13" type="stmt"/>
        <line num="112" count="1" type="stmt"/>
      </file>
      <file name="FilterBar.tsx" path="C:\Users\Mudi\projects\alx\ALX_FE_Pro\alx-project-nexus\job-board-app\src\components\FilterBar.tsx">
        <metrics statements="7" coveredstatements="4" conditionals="0" coveredconditionals="0" methods="4" coveredmethods="1"/>
        <line num="6" count="1" type="stmt"/>
        <line num="7" count="3" type="stmt"/>
        <line num="9" count="3" type="stmt"/>
        <line num="13" count="0" type="stmt"/>
        <line num="26" count="0" type="stmt"/>
        <line num="39" count="0" type="stmt"/>
        <line num="54" count="1" type="stmt"/>
      </file>
      <file name="JobCard.tsx" path="C:\Users\Mudi\projects\alx\ALX_FE_Pro\alx-project-nexus\job-board-app\src\components\JobCard.tsx">
        <metrics statements="4" coveredstatements="4" conditionals="0" coveredconditionals="0" methods="2" coveredmethods="2"/>
        <line num="19" count="1" type="stmt"/>
        <line num="20" count="2" type="stmt"/>
        <line num="23" count="1" type="stmt"/>
        <line num="34" count="1" type="stmt"/>
      </file>
    </package>
    <package name="context">
      <metrics statements="29" coveredstatements="27" conditionals="8" coveredconditionals="6" methods="8" coveredmethods="7"/>
      <file name="JobContext.tsx" path="C:\Users\Mudi\projects\alx\ALX_FE_Pro\alx-project-nexus\job-board-app\src\context\JobContext.tsx">
        <metrics statements="29" coveredstatements="27" conditionals="8" coveredconditionals="6" methods="8" coveredmethods="7"/>
        <line num="21" count="2" type="stmt"/>
        <line num="23" count="2" type="stmt"/>
        <line num="24" count="13" type="stmt"/>
        <line num="25" count="12" type="cond" truecount="2" falsecount="0"/>
        <line num="26" count="2" type="stmt"/>
        <line num="28" count="10" type="stmt"/>
        <line num="35" count="2" type="stmt"/>
        <line num="36" count="10" type="stmt"/>
        <line num="37" count="10" type="stmt"/>
        <line num="38" count="10" type="stmt"/>
        <line num="39" count="10" type="stmt"/>
        <line num="45" count="10" type="stmt"/>
        <line num="46" count="3" type="stmt"/>
        <line num="47" count="3" type="stmt"/>
        <line num="48" count="3" type="stmt"/>
        <line num="49" count="3" type="stmt"/>
        <line num="50" count="3" type="stmt"/>
        <line num="52" count="0" type="stmt"/>
        <line num="54" count="3" type="stmt"/>
        <line num="58" count="10" type="stmt"/>
        <line num="59" count="3" type="stmt"/>
        <line num="62" count="10" type="stmt"/>
        <line num="63" count="1" type="stmt"/>
        <line num="66" count="10" type="stmt"/>
        <line num="67" count="0" type="stmt"/>
        <line num="70" count="10" type="stmt"/>
        <line num="71" count="6" type="stmt"/>
        <line num="78" count="10" type="stmt"/>
        <line num="88" count="10" type="stmt"/>
      </file>
    </package>
    <package name="utils">
      <metrics statements="8" coveredstatements="8" conditionals="0" coveredconditionals="0" methods="2" coveredmethods="2"/>
      <file name="api.ts" path="C:\Users\Mudi\projects\alx\ALX_FE_Pro\alx-project-nexus\job-board-app\src\utils\api.ts">
        <metrics statements="8" coveredstatements="8" conditionals="0" coveredconditionals="0" methods="2" coveredmethods="2"/>
        <line num="4" count="2" type="stmt"/>
        <line num="6" count="2" type="stmt"/>
        <line num="7" count="2" type="stmt"/>
        <line num="8" count="2" type="stmt"/>
        <line num="9" count="1" type="stmt"/>
        <line num="12" count="2" type="stmt"/>
        <line num="22" count="1" type="stmt"/>
        <line num="24" count="1" type="stmt"/>
      </file>
    </package>
  </project>
</coverage>
