{"C:\\Users\\Mudi\\projects\\alx\\ALX_FE_Pro\\alx-project-nexus\\job-board-app\\src\\components\\ApplicationForm.tsx": {"path":"C:\\Users\\Mudi\\projects\\alx\\ALX_FE_Pro\\alx-project-nexus\\job-board-app\\src\\components\\ApplicationForm.tsx","statementMap":{"0":{"start":{"line":10,"column":41},"end":{"line":129,"column":1}},"1":{"start":{"line":11,"column":28},"end":{"line":11,"column":40}},"2":{"start":{"line":12,"column":30},"end":{"line":12,"column":42}},"3":{"start":{"line":13,"column":32},"end":{"line":13,"column":44}},"4":{"start":{"line":14,"column":40},"end":{"line":14,"column":98}},"5":{"start":{"line":15,"column":40},"end":{"line":15,"column":55}},"6":{"start":{"line":16,"column":32},"end":{"line":16,"column":96}},"7":{"start":{"line":18,"column":26},"end":{"line":21,"column":5}},"8":{"start":{"line":19,"column":27},"end":{"line":19,"column":55}},"9":{"start":{"line":20,"column":8},"end":{"line":20,"column":38}},"10":{"start":{"line":23,"column":23},"end":{"line":29,"column":5}},"11":{"start":{"line":24,"column":23},"end":{"line":24,"column":89}},"12":{"start":{"line":25,"column":8},"end":{"line":28,"column":9}},"13":{"start":{"line":26,"column":12},"end":{"line":26,"column":34}},"14":{"start":{"line":27,"column":12},"end":{"line":27,"column":45}},"15":{"start":{"line":31,"column":25},"end":{"line":50,"column":5}},"16":{"start":{"line":32,"column":78},"end":{"line":32,"column":80}},"17":{"start":{"line":34,"column":8},"end":{"line":36,"column":9}},"18":{"start":{"line":35,"column":12},"end":{"line":35,"column":48}},"19":{"start":{"line":38,"column":8},"end":{"line":42,"column":9}},"20":{"start":{"line":39,"column":12},"end":{"line":39,"column":50}},"21":{"start":{"line":40,"column":15},"end":{"line":42,"column":9}},"22":{"start":{"line":41,"column":12},"end":{"line":41,"column":67}},"23":{"start":{"line":44,"column":8},"end":{"line":46,"column":9}},"24":{"start":{"line":45,"column":12},"end":{"line":45,"column":57}},"25":{"start":{"line":48,"column":8},"end":{"line":48,"column":29}},"26":{"start":{"line":49,"column":8},"end":{"line":49,"column":51}},"27":{"start":{"line":52,"column":25},"end":{"line":74,"column":5}},"28":{"start":{"line":53,"column":8},"end":{"line":73,"column":9}},"29":{"start":{"line":54,"column":12},"end":{"line":54,"column":32}},"30":{"start":{"line":55,"column":36},"end":{"line":60,"column":13}},"31":{"start":{"line":61,"column":12},"end":{"line":61,"column":67}},"32":{"start":{"line":63,"column":12},"end":{"line":72,"column":21}},"33":{"start":{"line":64,"column":16},"end":{"line":64,"column":92}},"34":{"start":{"line":65,"column":16},"end":{"line":65,"column":37}},"35":{"start":{"line":67,"column":16},"end":{"line":67,"column":28}},"36":{"start":{"line":68,"column":16},"end":{"line":68,"column":29}},"37":{"start":{"line":69,"column":16},"end":{"line":69,"column":30}},"38":{"start":{"line":70,"column":16},"end":{"line":70,"column":36}},"39":{"start":{"line":71,"column":16},"end":{"line":71,"column":30}},"40":{"start":{"line":76,"column":4},"end":{"line":128,"column":6}},"41":{"start":{"line":131,"column":15},"end":{"line":189,"column":2}}},"fnMap":{"0":{"name":"(anonymous_0)","decl":{"start":{"line":10,"column":41},"end":{"line":10,"column":42}},"loc":{"start":{"line":10,"column":54},"end":{"line":129,"column":1}},"line":10},"1":{"name":"(anonymous_1)","decl":{"start":{"line":18,"column":26},"end":{"line":18,"column":27}},"loc":{"start":{"line":18,"column":45},"end":{"line":21,"column":5}},"line":18},"2":{"name":"(anonymous_2)","decl":{"start":{"line":23,"column":23},"end":{"line":23,"column":24}},"loc":{"start":{"line":23,"column":35},"end":{"line":29,"column":5}},"line":23},"3":{"name":"(anonymous_3)","decl":{"start":{"line":31,"column":25},"end":{"line":31,"column":26}},"loc":{"start":{"line":31,"column":31},"end":{"line":50,"column":5}},"line":31},"4":{"name":"(anonymous_4)","decl":{"start":{"line":52,"column":25},"end":{"line":52,"column":26}},"loc":{"start":{"line":52,"column":37},"end":{"line":74,"column":5}},"line":52},"5":{"name":"(anonymous_5)","decl":{"start":{"line":63,"column":23},"end":{"line":63,"column":24}},"loc":{"start":{"line":63,"column":29},"end":{"line":72,"column":13}},"line":63}},"branchMap":{"0":{"loc":{"start":{"line":25,"column":8},"end":{"line":28,"column":9}},"type":"if","locations":[{"start":{"line":25,"column":8},"end":{"line":28,"column":9}},{"start":{},"end":{}}],"line":25},"1":{"loc":{"start":{"line":25,"column":12},"end":{"line":25,"column":53}},"type":"binary-expr","locations":[{"start":{"line":25,"column":12},"end":{"line":25,"column":25}},{"start":{"line":25,"column":29},"end":{"line":25,"column":53}}],"line":25},"2":{"loc":{"start":{"line":34,"column":8},"end":{"line":36,"column":9}},"type":"if","locations":[{"start":{"line":34,"column":8},"end":{"line":36,"column":9}},{"start":{},"end":{}}],"line":34},"3":{"loc":{"start":{"line":38,"column":8},"end":{"line":42,"column":9}},"type":"if","locations":[{"start":{"line":38,"column":8},"end":{"line":42,"column":9}},{"start":{"line":40,"column":15},"end":{"line":42,"column":9}}],"line":38},"4":{"loc":{"start":{"line":40,"column":15},"end":{"line":42,"column":9}},"type":"if","locations":[{"start":{"line":40,"column":15},"end":{"line":42,"column":9}},{"start":{},"end":{}}],"line":40},"5":{"loc":{"start":{"line":44,"column":8},"end":{"line":46,"column":9}},"type":"if","locations":[{"start":{"line":44,"column":8},"end":{"line":46,"column":9}},{"start":{},"end":{}}],"line":44},"6":{"loc":{"start":{"line":53,"column":8},"end":{"line":73,"column":9}},"type":"if","locations":[{"start":{"line":53,"column":8},"end":{"line":73,"column":9}},{"start":{},"end":{}}],"line":53},"7":{"loc":{"start":{"line":89,"column":17},"end":{"line":89,"column":79}},"type":"binary-expr","locations":[{"start":{"line":89,"column":17},"end":{"line":89,"column":28}},{"start":{"line":89,"column":32},"end":{"line":89,"column":79}}],"line":89},"8":{"loc":{"start":{"line":103,"column":17},"end":{"line":103,"column":81}},"type":"binary-expr","locations":[{"start":{"line":103,"column":17},"end":{"line":103,"column":29}},{"start":{"line":103,"column":33},"end":{"line":103,"column":81}}],"line":103},"9":{"loc":{"start":{"line":113,"column":27},"end":{"line":113,"column":68}},"type":"cond-expr","locations":[{"start":{"line":113,"column":40},"end":{"line":113,"column":46}},{"start":{"line":113,"column":49},"end":{"line":113,"column":68}}],"line":113},"10":{"loc":{"start":{"line":115,"column":17},"end":{"line":115,"column":83}},"type":"binary-expr","locations":[{"start":{"line":115,"column":17},"end":{"line":115,"column":30}},{"start":{"line":115,"column":34},"end":{"line":115,"column":83}}],"line":115},"11":{"loc":{"start":{"line":125,"column":17},"end":{"line":125,"column":130}},"type":"cond-expr","locations":[{"start":{"line":125,"column":30},"end":{"line":125,"column":64}},{"start":{"line":125,"column":67},"end":{"line":125,"column":130}}],"line":125}},"s":{"0":1,"1":11,"2":11,"3":11,"4":11,"5":11,"6":11,"7":11,"8":2,"9":2,"10":11,"11":0,"12":0,"13":0,"14":0,"15":11,"16":3,"17":3,"18":1,"19":3,"20":1,"21":2,"22":1,"23":3,"24":3,"25":3,"26":3,"27":11,"28":3,"29":0,"30":0,"31":0,"32":0,"33":0,"34":0,"35":0,"36":0,"37":0,"38":0,"39":0,"40":11,"41":1},"f":{"0":11,"1":2,"2":0,"3":3,"4":3,"5":0},"b":{"0":[0,0],"1":[0,0],"2":[1,2],"3":[1,2],"4":[1,1],"5":[3,0],"6":[0,3],"7":[11,1],"8":[11,2],"9":[0,11],"10":[11,3],"11":[0,11]},"_coverageSchema":"1a1c01bbd47fc00a2c39e90264f33305004495a9","hash":"130ae2d9c2c5547471d6dcd60a5902cc89021bbf"}
}
