{"C:\\Users\\Mudi\\projects\\alx\\ALX_FE_Pro\\alx-project-nexus\\job-board-app\\src\\components\\ApplicationForm.tsx": {"path":"C:\\Users\\Mudi\\projects\\alx\\ALX_FE_Pro\\alx-project-nexus\\job-board-app\\src\\components\\ApplicationForm.tsx","statementMap":{"0":{"start":{"line":9,"column":41},"end":{"line":110,"column":1}},"1":{"start":{"line":10,"column":28},"end":{"line":10,"column":40}},"2":{"start":{"line":11,"column":30},"end":{"line":11,"column":42}},"3":{"start":{"line":12,"column":32},"end":{"line":12,"column":44}},"4":{"start":{"line":13,"column":32},"end":{"line":13,"column":96}},"5":{"start":{"line":15,"column":26},"end":{"line":18,"column":5}},"6":{"start":{"line":16,"column":27},"end":{"line":16,"column":55}},"7":{"start":{"line":17,"column":8},"end":{"line":17,"column":38}},"8":{"start":{"line":20,"column":25},"end":{"line":39,"column":5}},"9":{"start":{"line":21,"column":78},"end":{"line":21,"column":80}},"10":{"start":{"line":23,"column":8},"end":{"line":25,"column":9}},"11":{"start":{"line":24,"column":12},"end":{"line":24,"column":48}},"12":{"start":{"line":27,"column":8},"end":{"line":31,"column":9}},"13":{"start":{"line":28,"column":12},"end":{"line":28,"column":50}},"14":{"start":{"line":29,"column":15},"end":{"line":31,"column":9}},"15":{"start":{"line":30,"column":12},"end":{"line":30,"column":67}},"16":{"start":{"line":33,"column":8},"end":{"line":35,"column":9}},"17":{"start":{"line":34,"column":12},"end":{"line":34,"column":52}},"18":{"start":{"line":37,"column":8},"end":{"line":37,"column":29}},"19":{"start":{"line":38,"column":8},"end":{"line":38,"column":51}},"20":{"start":{"line":41,"column":25},"end":{"line":57,"column":5}},"21":{"start":{"line":42,"column":8},"end":{"line":56,"column":9}},"22":{"start":{"line":43,"column":36},"end":{"line":48,"column":13}},"23":{"start":{"line":49,"column":12},"end":{"line":49,"column":67}},"24":{"start":{"line":50,"column":12},"end":{"line":50,"column":88}},"25":{"start":{"line":52,"column":12},"end":{"line":52,"column":24}},"26":{"start":{"line":53,"column":12},"end":{"line":53,"column":25}},"27":{"start":{"line":54,"column":12},"end":{"line":54,"column":26}},"28":{"start":{"line":55,"column":12},"end":{"line":55,"column":26}},"29":{"start":{"line":59,"column":4},"end":{"line":109,"column":6}},"30":{"start":{"line":112,"column":15},"end":{"line":163,"column":2}}},"fnMap":{"0":{"name":"(anonymous_0)","decl":{"start":{"line":9,"column":41},"end":{"line":9,"column":42}},"loc":{"start":{"line":9,"column":54},"end":{"line":110,"column":1}},"line":9},"1":{"name":"(anonymous_1)","decl":{"start":{"line":15,"column":26},"end":{"line":15,"column":27}},"loc":{"start":{"line":15,"column":45},"end":{"line":18,"column":5}},"line":15},"2":{"name":"(anonymous_2)","decl":{"start":{"line":20,"column":25},"end":{"line":20,"column":26}},"loc":{"start":{"line":20,"column":31},"end":{"line":39,"column":5}},"line":20},"3":{"name":"(anonymous_3)","decl":{"start":{"line":41,"column":25},"end":{"line":41,"column":26}},"loc":{"start":{"line":41,"column":31},"end":{"line":57,"column":5}},"line":41}},"branchMap":{"0":{"loc":{"start":{"line":23,"column":8},"end":{"line":25,"column":9}},"type":"if","locations":[{"start":{"line":23,"column":8},"end":{"line":25,"column":9}},{"start":{},"end":{}}],"line":23},"1":{"loc":{"start":{"line":27,"column":8},"end":{"line":31,"column":9}},"type":"if","locations":[{"start":{"line":27,"column":8},"end":{"line":31,"column":9}},{"start":{"line":29,"column":15},"end":{"line":31,"column":9}}],"line":27},"2":{"loc":{"start":{"line":29,"column":15},"end":{"line":31,"column":9}},"type":"if","locations":[{"start":{"line":29,"column":15},"end":{"line":31,"column":9}},{"start":{},"end":{}}],"line":29},"3":{"loc":{"start":{"line":33,"column":8},"end":{"line":35,"column":9}},"type":"if","locations":[{"start":{"line":33,"column":8},"end":{"line":35,"column":9}},{"start":{},"end":{}}],"line":33},"4":{"loc":{"start":{"line":42,"column":8},"end":{"line":56,"column":9}},"type":"if","locations":[{"start":{"line":42,"column":8},"end":{"line":56,"column":9}},{"start":{},"end":{}}],"line":42},"5":{"loc":{"start":{"line":71,"column":17},"end":{"line":71,"column":79}},"type":"binary-expr","locations":[{"start":{"line":71,"column":17},"end":{"line":71,"column":28}},{"start":{"line":71,"column":32},"end":{"line":71,"column":79}}],"line":71},"6":{"loc":{"start":{"line":84,"column":17},"end":{"line":84,"column":81}},"type":"binary-expr","locations":[{"start":{"line":84,"column":17},"end":{"line":84,"column":29}},{"start":{"line":84,"column":33},"end":{"line":84,"column":81}}],"line":84},"7":{"loc":{"start":{"line":98,"column":17},"end":{"line":98,"column":83}},"type":"binary-expr","locations":[{"start":{"line":98,"column":17},"end":{"line":98,"column":30}},{"start":{"line":98,"column":34},"end":{"line":98,"column":83}}],"line":98}},"s":{"0":2,"1":21,"2":21,"3":21,"4":21,"5":21,"6":3,"7":3,"8":21,"9":5,"10":5,"11":2,"12":5,"13":2,"14":3,"15":1,"16":5,"17":2,"18":5,"19":5,"20":21,"21":5,"22":2,"23":2,"24":2,"25":2,"26":2,"27":2,"28":2,"29":21,"30":2},"f":{"0":21,"1":3,"2":5,"3":5},"b":{"0":[2,3],"1":[2,3],"2":[1,2],"3":[2,3],"4":[2,3],"5":[21,2],"6":[21,3],"7":[21,2]},"_coverageSchema":"1a1c01bbd47fc00a2c39e90264f33305004495a9","hash":"03a3780ee49c9ab1c9c9d2081f9b900baa9561b7"}
,"C:\\Users\\Mudi\\projects\\alx\\ALX_FE_Pro\\alx-project-nexus\\job-board-app\\src\\components\\FilterBar.tsx": {"path":"C:\\Users\\Mudi\\projects\\alx\\ALX_FE_Pro\\alx-project-nexus\\job-board-app\\src\\components\\FilterBar.tsx","statementMap":{"0":{"start":{"line":6,"column":28},"end":{"line":52,"column":1}},"1":{"start":{"line":7,"column":36},"end":{"line":7,"column":51}},"2":{"start":{"line":9,"column":4},"end":{"line":51,"column":6}},"3":{"start":{"line":13,"column":42},"end":{"line":13,"column":73}},"4":{"start":{"line":26,"column":42},"end":{"line":26,"column":73}},"5":{"start":{"line":39,"column":42},"end":{"line":39,"column":75}},"6":{"start":{"line":54,"column":15},"end":{"line":62,"column":2}}},"fnMap":{"0":{"name":"(anonymous_0)","decl":{"start":{"line":6,"column":28},"end":{"line":6,"column":29}},"loc":{"start":{"line":6,"column":34},"end":{"line":52,"column":1}},"line":6},"1":{"name":"(anonymous_1)","decl":{"start":{"line":13,"column":31},"end":{"line":13,"column":32}},"loc":{"start":{"line":13,"column":42},"end":{"line":13,"column":73}},"line":13},"2":{"name":"(anonymous_2)","decl":{"start":{"line":26,"column":31},"end":{"line":26,"column":32}},"loc":{"start":{"line":26,"column":42},"end":{"line":26,"column":73}},"line":26},"3":{"name":"(anonymous_3)","decl":{"start":{"line":39,"column":31},"end":{"line":39,"column":32}},"loc":{"start":{"line":39,"column":42},"end":{"line":39,"column":75}},"line":39}},"branchMap":{},"s":{"0":2,"1":9,"2":9,"3":0,"4":0,"5":0,"6":2},"f":{"0":9,"1":0,"2":0,"3":0},"b":{},"_coverageSchema":"1a1c01bbd47fc00a2c39e90264f33305004495a9","hash":"ff343b7e4758d01c64d601233e2d3ac49451b550"}
,"C:\\Users\\Mudi\\projects\\alx\\ALX_FE_Pro\\alx-project-nexus\\job-board-app\\src\\components\\JobCard.tsx": {"path":"C:\\Users\\Mudi\\projects\\alx\\ALX_FE_Pro\\alx-project-nexus\\job-board-app\\src\\components\\JobCard.tsx","statementMap":{"0":{"start":{"line":19,"column":33},"end":{"line":32,"column":1}},"1":{"start":{"line":20,"column":4},"end":{"line":31,"column":6}},"2":{"start":{"line":23,"column":27},"end":{"line":23,"column":69}},"3":{"start":{"line":34,"column":15},"end":{"line":61,"column":2}}},"fnMap":{"0":{"name":"(anonymous_0)","decl":{"start":{"line":19,"column":33},"end":{"line":19,"column":34}},"loc":{"start":{"line":19,"column":58},"end":{"line":32,"column":1}},"line":19},"1":{"name":"(anonymous_1)","decl":{"start":{"line":23,"column":21},"end":{"line":23,"column":22}},"loc":{"start":{"line":23,"column":27},"end":{"line":23,"column":69}},"line":23}},"branchMap":{},"s":{"0":2,"1":8,"2":1,"3":2},"f":{"0":8,"1":1},"b":{},"_coverageSchema":"1a1c01bbd47fc00a2c39e90264f33305004495a9","hash":"775a0e6d004739a9f5d3bc33051bf2a0076c890e"}
,"C:\\Users\\Mudi\\projects\\alx\\ALX_FE_Pro\\alx-project-nexus\\job-board-app\\src\\context\\JobContext.tsx": {"path":"C:\\Users\\Mudi\\projects\\alx\\ALX_FE_Pro\\alx-project-nexus\\job-board-app\\src\\context\\JobContext.tsx","statementMap":{"0":{"start":{"line":21,"column":19},"end":{"line":21,"column":71}},"1":{"start":{"line":23,"column":29},"end":{"line":29,"column":1}},"2":{"start":{"line":24,"column":20},"end":{"line":24,"column":42}},"3":{"start":{"line":25,"column":4},"end":{"line":27,"column":5}},"4":{"start":{"line":26,"column":8},"end":{"line":26,"column":75}},"5":{"start":{"line":28,"column":4},"end":{"line":28,"column":19}},"6":{"start":{"line":35,"column":55},"end":{"line":89,"column":1}},"7":{"start":{"line":36,"column":28},"end":{"line":36,"column":47}},"8":{"start":{"line":37,"column":34},"end":{"line":37,"column":58}},"9":{"start":{"line":38,"column":30},"end":{"line":38,"column":59}},"10":{"start":{"line":39,"column":39},"end":{"line":43,"column":6}},"11":{"start":{"line":45,"column":26},"end":{"line":56,"column":5}},"12":{"start":{"line":46,"column":8},"end":{"line":46,"column":25}},"13":{"start":{"line":47,"column":8},"end":{"line":47,"column":23}},"14":{"start":{"line":48,"column":8},"end":{"line":55,"column":9}},"15":{"start":{"line":49,"column":25},"end":{"line":49,"column":42}},"16":{"start":{"line":50,"column":12},"end":{"line":50,"column":26}},"17":{"start":{"line":52,"column":12},"end":{"line":52,"column":45}},"18":{"start":{"line":54,"column":12},"end":{"line":54,"column":30}},"19":{"start":{"line":58,"column":4},"end":{"line":60,"column":11}},"20":{"start":{"line":59,"column":8},"end":{"line":59,"column":24}},"21":{"start":{"line":62,"column":23},"end":{"line":64,"column":5}},"22":{"start":{"line":63,"column":8},"end":{"line":63,"column":62}},"23":{"start":{"line":63,"column":33},"end":{"line":63,"column":59}},"24":{"start":{"line":66,"column":24},"end":{"line":68,"column":5}},"25":{"start":{"line":67,"column":8},"end":{"line":67,"column":24}},"26":{"start":{"line":70,"column":25},"end":{"line":76,"column":6}},"27":{"start":{"line":71,"column":8},"end":{"line":75,"column":10}},"28":{"start":{"line":78,"column":34},"end":{"line":86,"column":5}},"29":{"start":{"line":88,"column":4},"end":{"line":88,"column":79}}},"fnMap":{"0":{"name":"(anonymous_0)","decl":{"start":{"line":23,"column":29},"end":{"line":23,"column":30}},"loc":{"start":{"line":23,"column":35},"end":{"line":29,"column":1}},"line":23},"1":{"name":"(anonymous_1)","decl":{"start":{"line":35,"column":55},"end":{"line":35,"column":56}},"loc":{"start":{"line":35,"column":73},"end":{"line":89,"column":1}},"line":35},"2":{"name":"(anonymous_2)","decl":{"start":{"line":45,"column":26},"end":{"line":45,"column":27}},"loc":{"start":{"line":45,"column":38},"end":{"line":56,"column":5}},"line":45},"3":{"name":"(anonymous_3)","decl":{"start":{"line":58,"column":14},"end":{"line":58,"column":15}},"loc":{"start":{"line":58,"column":20},"end":{"line":60,"column":5}},"line":58},"4":{"name":"(anonymous_4)","decl":{"start":{"line":62,"column":23},"end":{"line":62,"column":24}},"loc":{"start":{"line":62,"column":57},"end":{"line":64,"column":5}},"line":62},"5":{"name":"(anonymous_5)","decl":{"start":{"line":63,"column":24},"end":{"line":63,"column":25}},"loc":{"start":{"line":63,"column":33},"end":{"line":63,"column":59}},"line":63},"6":{"name":"(anonymous_6)","decl":{"start":{"line":66,"column":24},"end":{"line":66,"column":25}},"loc":{"start":{"line":66,"column":30},"end":{"line":68,"column":5}},"line":66},"7":{"name":"(anonymous_7)","decl":{"start":{"line":70,"column":37},"end":{"line":70,"column":38}},"loc":{"start":{"line":70,"column":44},"end":{"line":76,"column":5}},"line":70}},"branchMap":{"0":{"loc":{"start":{"line":25,"column":4},"end":{"line":27,"column":5}},"type":"if","locations":[{"start":{"line":25,"column":4},"end":{"line":27,"column":5}},{"start":{},"end":{}}],"line":25},"1":{"loc":{"start":{"line":72,"column":12},"end":{"line":74,"column":80}},"type":"binary-expr","locations":[{"start":{"line":72,"column":13},"end":{"line":72,"column":36}},{"start":{"line":72,"column":40},"end":{"line":72,"column":73}},{"start":{"line":73,"column":13},"end":{"line":73,"column":36}},{"start":{"line":73,"column":40},"end":{"line":73,"column":73}},{"start":{"line":74,"column":13},"end":{"line":74,"column":38}},{"start":{"line":74,"column":42},"end":{"line":74,"column":79}}],"line":72}},"s":{"0":3,"1":3,"2":28,"3":27,"4":2,"5":25,"6":3,"7":19,"8":19,"9":19,"10":19,"11":19,"12":6,"13":6,"14":6,"15":6,"16":6,"17":0,"18":6,"19":19,"20":6,"21":19,"22":1,"23":1,"24":19,"25":0,"26":19,"27":12,"28":19,"29":19},"f":{"0":28,"1":19,"2":6,"3":6,"4":1,"5":1,"6":0,"7":12},"b":{"0":[2,25],"1":[12,2,11,0,11,0]},"_coverageSchema":"1a1c01bbd47fc00a2c39e90264f33305004495a9","hash":"ae7d6a80fb1a9d863e07104df9657861ce6f42d2"}
,"C:\\Users\\Mudi\\projects\\alx\\ALX_FE_Pro\\alx-project-nexus\\job-board-app\\src\\screens\\ApplyScreen.tsx": {"path":"C:\\Users\\Mudi\\projects\\alx\\ALX_FE_Pro\\alx-project-nexus\\job-board-app\\src\\screens\\ApplyScreen.tsx","statementMap":{"0":{"start":{"line":15,"column":37},"end":{"line":23,"column":1}},"1":{"start":{"line":16,"column":20},"end":{"line":16,"column":32}},"2":{"start":{"line":18,"column":4},"end":{"line":22,"column":6}},"3":{"start":{"line":25,"column":15},"end":{"line":29,"column":2}}},"fnMap":{"0":{"name":"(anonymous_0)","decl":{"start":{"line":15,"column":37},"end":{"line":15,"column":38}},"loc":{"start":{"line":15,"column":64},"end":{"line":23,"column":1}},"line":15}},"branchMap":{},"s":{"0":1,"1":3,"2":3,"3":1},"f":{"0":3},"b":{},"_coverageSchema":"1a1c01bbd47fc00a2c39e90264f33305004495a9","hash":"9258a546ca33650d7aaee949b7ad68369ac746ba"}
,"C:\\Users\\Mudi\\projects\\alx\\ALX_FE_Pro\\alx-project-nexus\\job-board-app\\src\\screens\\HomeScreen.tsx": {"path":"C:\\Users\\Mudi\\projects\\alx\\ALX_FE_Pro\\alx-project-nexus\\job-board-app\\src\\screens\\HomeScreen.tsx","statementMap":{"0":{"start":{"line":17,"column":36},"end":{"line":49,"column":1}},"1":{"start":{"line":18,"column":45},"end":{"line":18,"column":60}},"2":{"start":{"line":20,"column":4},"end":{"line":26,"column":5}},"3":{"start":{"line":21,"column":8},"end":{"line":25,"column":10}},"4":{"start":{"line":28,"column":4},"end":{"line":34,"column":5}},"5":{"start":{"line":29,"column":8},"end":{"line":33,"column":10}},"6":{"start":{"line":36,"column":4},"end":{"line":48,"column":6}},"7":{"start":{"line":42,"column":40},"end":{"line":42,"column":58}},"8":{"start":{"line":44,"column":20},"end":{"line":44,"column":66}},"9":{"start":{"line":51,"column":15},"end":{"line":66,"column":2}}},"fnMap":{"0":{"name":"(anonymous_0)","decl":{"start":{"line":17,"column":36},"end":{"line":17,"column":37}},"loc":{"start":{"line":17,"column":56},"end":{"line":49,"column":1}},"line":17},"1":{"name":"(anonymous_1)","decl":{"start":{"line":42,"column":30},"end":{"line":42,"column":31}},"loc":{"start":{"line":42,"column":40},"end":{"line":42,"column":58}},"line":42},"2":{"name":"(anonymous_2)","decl":{"start":{"line":43,"column":28},"end":{"line":43,"column":29}},"loc":{"start":{"line":44,"column":20},"end":{"line":44,"column":66}},"line":44}},"branchMap":{"0":{"loc":{"start":{"line":20,"column":4},"end":{"line":26,"column":5}},"type":"if","locations":[{"start":{"line":20,"column":4},"end":{"line":26,"column":5}},{"start":{},"end":{}}],"line":20},"1":{"loc":{"start":{"line":28,"column":4},"end":{"line":34,"column":5}},"type":"if","locations":[{"start":{"line":28,"column":4},"end":{"line":34,"column":5}},{"start":{},"end":{}}],"line":28}},"s":{"0":1,"1":9,"2":9,"3":3,"4":6,"5":0,"6":6,"7":9,"8":6,"9":1},"f":{"0":9,"1":9,"2":6},"b":{"0":[3,6],"1":[0,6]},"_coverageSchema":"1a1c01bbd47fc00a2c39e90264f33305004495a9","hash":"1c9fdca9376083afb46077e3c66063633dd5942d"}
,"C:\\Users\\Mudi\\projects\\alx\\ALX_FE_Pro\\alx-project-nexus\\job-board-app\\src\\screens\\JobDetailsScreen.tsx": {"path":"C:\\Users\\Mudi\\projects\\alx\\ALX_FE_Pro\\alx-project-nexus\\job-board-app\\src\\screens\\JobDetailsScreen.tsx","statementMap":{"0":{"start":{"line":14,"column":42},"end":{"line":35,"column":1}},"1":{"start":{"line":15,"column":20},"end":{"line":15,"column":32}},"2":{"start":{"line":17,"column":4},"end":{"line":34,"column":6}},"3":{"start":{"line":27,"column":31},"end":{"line":27,"column":68}},"4":{"start":{"line":37,"column":15},"end":{"line":81,"column":2}}},"fnMap":{"0":{"name":"(anonymous_0)","decl":{"start":{"line":14,"column":42},"end":{"line":14,"column":43}},"loc":{"start":{"line":14,"column":69},"end":{"line":35,"column":1}},"line":14},"1":{"name":"(anonymous_1)","decl":{"start":{"line":27,"column":25},"end":{"line":27,"column":26}},"loc":{"start":{"line":27,"column":31},"end":{"line":27,"column":68}},"line":27}},"branchMap":{},"s":{"0":1,"1":2,"2":2,"3":1,"4":1},"f":{"0":2,"1":1},"b":{},"_coverageSchema":"1a1c01bbd47fc00a2c39e90264f33305004495a9","hash":"3a6ff6737a1ecc4105042995b5a7386fa0b118ed"}
,"C:\\Users\\Mudi\\projects\\alx\\ALX_FE_Pro\\alx-project-nexus\\job-board-app\\src\\utils\\api.ts": {"path":"C:\\Users\\Mudi\\projects\\alx\\ALX_FE_Pro\\alx-project-nexus\\job-board-app\\src\\utils\\api.ts","statementMap":{"0":{"start":{"line":4,"column":21},"end":{"line":4,"column":59}},"1":{"start":{"line":6,"column":25},"end":{"line":45,"column":1}},"2":{"start":{"line":7,"column":4},"end":{"line":44,"column":5}},"3":{"start":{"line":8,"column":25},"end":{"line":8,"column":65}},"4":{"start":{"line":9,"column":22},"end":{"line":9,"column":35}},"5":{"start":{"line":12,"column":8},"end":{"line":20,"column":12}},"6":{"start":{"line":12,"column":56},"end":{"line":20,"column":9}},"7":{"start":{"line":22,"column":8},"end":{"line":22,"column":80}},"8":{"start":{"line":24,"column":8},"end":{"line":43,"column":10}}},"fnMap":{"0":{"name":"(anonymous_0)","decl":{"start":{"line":6,"column":25},"end":{"line":6,"column":26}},"loc":{"start":{"line":6,"column":53},"end":{"line":45,"column":1}},"line":6},"1":{"name":"(anonymous_1)","decl":{"start":{"line":12,"column":25},"end":{"line":12,"column":26}},"loc":{"start":{"line":12,"column":56},"end":{"line":20,"column":9}},"line":12}},"branchMap":{},"s":{"0":3,"1":3,"2":2,"3":2,"4":1,"5":1,"6":2,"7":1,"8":1},"f":{"0":2,"1":2},"b":{},"_coverageSchema":"1a1c01bbd47fc00a2c39e90264f33305004495a9","hash":"b1f274bd18b035aa908976360f171868deb1869e"}
}
