TN:
SF:src\components\ApplicationForm.tsx
FN:10,(anonymous_0)
FN:18,(anonymous_1)
FN:23,(anonymous_2)
FN:31,(anonymous_3)
FN:52,(anonymous_4)
FN:63,(anonymous_5)
FNF:6
FNH:4
FNDA:11,(anonymous_0)
FNDA:2,(anonymous_1)
FNDA:0,(anonymous_2)
FNDA:3,(anonymous_3)
FNDA:3,(anonymous_4)
FNDA:0,(anonymous_5)
DA:10,1
DA:11,11
DA:12,11
DA:13,11
DA:14,11
DA:15,11
DA:16,11
DA:18,11
DA:19,2
DA:20,2
DA:23,11
DA:24,0
DA:25,0
DA:26,0
DA:27,0
DA:31,11
DA:32,3
DA:34,3
DA:35,1
DA:38,3
DA:39,1
DA:40,2
DA:41,1
DA:44,3
DA:45,3
DA:48,3
DA:49,3
DA:52,11
DA:53,3
DA:54,0
DA:55,0
DA:61,0
DA:63,0
DA:64,0
DA:65,0
DA:67,0
DA:68,0
DA:69,0
DA:70,0
DA:71,0
DA:76,11
DA:131,1
LF:42
LH:27
BRDA:25,0,0,0
BRDA:25,0,1,0
BRDA:25,1,0,0
BRDA:25,1,1,0
BRDA:34,2,0,1
BRDA:34,2,1,2
BRDA:38,3,0,1
BRDA:38,3,1,2
BRDA:40,4,0,1
BRDA:40,4,1,1
BRDA:44,5,0,3
BRDA:44,5,1,0
BRDA:53,6,0,0
BRDA:53,6,1,3
BRDA:89,7,0,11
BRDA:89,7,1,1
BRDA:103,8,0,11
BRDA:103,8,1,2
BRDA:113,9,0,0
BRDA:113,9,1,11
BRDA:115,10,0,11
BRDA:115,10,1,3
BRDA:125,11,0,0
BRDA:125,11,1,11
BRF:24
BRH:16
end_of_record
