TN:
SF:src\components\ApplicationForm.tsx
FN:9,(anonymous_0)
FN:15,(anonymous_1)
FN:20,(anonymous_2)
FN:41,(anonymous_3)
FNF:4
FNH:4
FNDA:13,(anonymous_0)
FNDA:2,(anonymous_1)
FNDA:3,(anonymous_2)
FNDA:3,(anonymous_3)
DA:9,1
DA:10,13
DA:11,13
DA:12,13
DA:13,13
DA:15,13
DA:16,2
DA:17,2
DA:20,13
DA:21,3
DA:23,3
DA:24,1
DA:27,3
DA:28,1
DA:29,2
DA:30,1
DA:33,3
DA:34,1
DA:37,3
DA:38,3
DA:41,13
DA:42,3
DA:43,1
DA:49,1
DA:50,1
DA:52,1
DA:53,1
DA:54,1
DA:55,1
DA:59,13
DA:112,1
LF:31
LH:31
BRDA:23,0,0,1
BRDA:23,0,1,2
BRDA:27,1,0,1
BRDA:27,1,1,2
BRDA:29,2,0,1
BRDA:29,2,1,1
BRDA:33,3,0,1
BRDA:33,3,1,2
BRDA:42,4,0,1
BRDA:42,4,1,2
BRDA:71,5,0,13
BRDA:71,5,1,1
BRDA:84,6,0,13
BRDA:84,6,1,2
BRDA:98,7,0,13
BRDA:98,7,1,1
BRF:16
BRH:16
end_of_record
TN:
SF:src\components\FilterBar.tsx
FN:6,(anonymous_0)
FN:13,(anonymous_1)
FN:26,(anonymous_2)
FN:39,(anonymous_3)
FNF:4
FNH:1
FNDA:3,(anonymous_0)
FNDA:0,(anonymous_1)
FNDA:0,(anonymous_2)
FNDA:0,(anonymous_3)
DA:6,1
DA:7,3
DA:9,3
DA:13,0
DA:26,0
DA:39,0
DA:54,1
LF:7
LH:4
BRF:0
BRH:0
end_of_record
TN:
SF:src\components\JobCard.tsx
FN:19,(anonymous_0)
FN:23,(anonymous_1)
FNF:2
FNH:2
FNDA:2,(anonymous_0)
FNDA:1,(anonymous_1)
DA:19,1
DA:20,2
DA:23,1
DA:34,1
LF:4
LH:4
BRF:0
BRH:0
end_of_record
TN:
SF:src\context\JobContext.tsx
FN:23,(anonymous_0)
FN:35,(anonymous_1)
FN:45,(anonymous_2)
FN:58,(anonymous_3)
FN:62,(anonymous_4)
FN:63,(anonymous_5)
FN:66,(anonymous_6)
FN:70,(anonymous_7)
FNF:8
FNH:7
FNDA:13,(anonymous_0)
FNDA:10,(anonymous_1)
FNDA:3,(anonymous_2)
FNDA:3,(anonymous_3)
FNDA:1,(anonymous_4)
FNDA:1,(anonymous_5)
FNDA:0,(anonymous_6)
FNDA:6,(anonymous_7)
DA:21,2
DA:23,2
DA:24,13
DA:25,12
DA:26,2
DA:28,10
DA:35,2
DA:36,10
DA:37,10
DA:38,10
DA:39,10
DA:45,10
DA:46,3
DA:47,3
DA:48,3
DA:49,3
DA:50,3
DA:52,0
DA:54,3
DA:58,10
DA:59,3
DA:62,10
DA:63,1
DA:66,10
DA:67,0
DA:70,10
DA:71,6
DA:78,10
DA:88,10
LF:29
LH:27
BRDA:25,0,0,2
BRDA:25,0,1,10
BRDA:72,1,0,6
BRDA:72,1,1,2
BRDA:72,1,2,5
BRDA:72,1,3,0
BRDA:72,1,4,5
BRDA:72,1,5,0
BRF:8
BRH:6
end_of_record
TN:
SF:src\utils\api.ts
FN:6,(anonymous_0)
FN:12,(anonymous_1)
FNF:2
FNH:2
FNDA:2,(anonymous_0)
FNDA:2,(anonymous_1)
DA:4,2
DA:6,2
DA:7,2
DA:8,2
DA:9,1
DA:12,2
DA:22,1
DA:24,1
LF:8
LH:8
BRF:0
BRH:0
end_of_record
